<?xml version="1.0" encoding="UTF-8"?>
<testsuites name="jest tests" tests="11" failures="0" errors="0" time="1.503">
  <testsuite name="OrderService - Unit Tests" errors="0" failures="0" skipped="0" timestamp="2025-09-28T07:26:23" time="1.35" tests="11">
    <testcase classname="OrderService - Unit Tests createOrder should create order successfully with valid data" name="OrderService - Unit Tests createOrder should create order successfully with valid data" time="0.002">
    </testcase>
    <testcase classname="OrderService - Unit Tests createOrder should throw DatabaseError on save failure" name="OrderService - Unit Tests createOrder should throw DatabaseError on save failure" time="0.009">
    </testcase>
    <testcase classname="OrderService - Unit Tests getOrderById should return order details for a valid order ID" name="OrderService - Unit Tests getOrderById should return order details for a valid order ID" time="0.001">
    </testcase>
    <testcase classname="OrderService - Unit Tests getOrderById should throw NotFoundError if order does not exist" name="OrderService - Unit Tests getOrderById should throw NotFoundError if order does not exist" time="0">
    </testcase>
    <testcase classname="OrderService - Unit Tests getOrderById should throw DatabaseError on DB failure" name="OrderService - Unit Tests getOrderById should throw DatabaseError on DB failure" time="0">
    </testcase>
    <testcase classname="OrderService - Unit Tests getOrdersByUserId should return paginated orders for a valid user" name="OrderService - Unit Tests getOrdersByUserId should return paginated orders for a valid user" time="0">
    </testcase>
    <testcase classname="OrderService - Unit Tests getOrdersByUserId should return empty array when user has no orders" name="OrderService - Unit Tests getOrdersByUserId should return empty array when user has no orders" time="0">
    </testcase>
    <testcase classname="OrderService - Unit Tests getOrdersByUserId should handle pagination correctly for multiple pages" name="OrderService - Unit Tests getOrdersByUserId should handle pagination correctly for multiple pages" time="0.001">
    </testcase>
    <testcase classname="OrderService - Unit Tests getOrdersByUserId should use default pagination values when not provided" name="OrderService - Unit Tests getOrdersByUserId should use default pagination values when not provided" time="0">
    </testcase>
    <testcase classname="OrderService - Unit Tests getOrdersByUserId should throw DatabaseError on database failure" name="OrderService - Unit Tests getOrdersByUserId should throw DatabaseError on database failure" time="0">
    </testcase>
    <testcase classname="OrderService - Unit Tests getOrdersByUserId should handle edge case with zero limit" name="OrderService - Unit Tests getOrdersByUserId should handle edge case with zero limit" time="0.001">
    </testcase>
  </testsuite>
</testsuites>