<?xml version="1.0" encoding="UTF-8"?>
<testsuites name="jest tests" tests="6" failures="0" errors="0" time="1.08">
  <testsuite name="Logger Utility" errors="0" failures="0" skipped="0" timestamp="2025-09-25T23:12:49" time="0.929" tests="6">
    <testcase classname="Logger Utility Logs info message" name="Logger Utility Logs info message" time="0.004">
    </testcase>
    <testcase classname="Logger Utility Logs error message" name="Logger Utility Logs error message" time="0.001">
    </testcase>
    <testcase classname="Logger Utility Logs error with stack trace" name="Logger Utility Logs error with stack trace" time="0.006">
    </testcase>
    <testcase classname="Logger Utility Include timestamp and default metadata" name="Logger Utility Include timestamp and default metadata" time="0.002">
    </testcase>
    <testcase classname="Logger Utility Adds console transport in non-production" name="Logger Utility Adds console transport in non-production" time="0.008">
    </testcase>
    <testcase classname="Logger Utility Does not add console transport in production" name="Logger Utility Does not add console transport in production" time="0.007">
    </testcase>
  </testsuite>
</testsuites>